<?xml version="1.0" encoding="UTF-8"?>
<testng-results ignored="0" total="1" passed="1" failed="0" skipped="0">
  <reporter-output>
  </reporter-output>
  <suite started-at="2024-05-31T13:39:19 IST" name="Default suite" finished-at="2024-05-31T13:39:24 IST" duration-ms="5198">
    <groups>
    </groups>
    <test started-at="2024-05-31T13:39:19 IST" name="Default test" finished-at="2024-05-31T13:39:24 IST" duration-ms="5198">
      <class name="test.TestNGDemo">
        <test-method is-config="true" signature="setUp()[pri:0, instance:test.TestNGDemo@74d1dc36]" started-at="2024-05-31T13:39:19 IST" name="setUp" finished-at="2024-05-31T13:39:24 IST" duration-ms="4781" status="PASS">
          <reporter-output>
          </reporter-output>
        </test-method> <!-- setUp -->
        <test-method signature="googleSearch()[pri:0, instance:test.TestNGDemo@74d1dc36]" started-at="2024-05-31T13:39:24 IST" name="googleSearch" finished-at="2024-05-31T13:39:24 IST" duration-ms="291" status="PASS">
          <reporter-output>
          </reporter-output>
        </test-method> <!-- googleSearch -->
        <test-method is-config="true" signature="tearDown()[pri:0, instance:test.TestNGDemo@74d1dc36]" started-at="2024-05-31T13:39:24 IST" name="tearDown" finished-at="2024-05-31T13:39:24 IST" duration-ms="102" status="PASS">
          <reporter-output>
          </reporter-output>
        </test-method> <!-- tearDown -->
      </class> <!-- test.TestNGDemo -->
    </test> <!-- Default test -->
  </suite> <!-- Default suite -->
</testng-results>
