<?xml version="1.0" encoding="UTF-8"?>
<!-- Generated by org.testng.reporters.JUnitXMLReporter -->
<testsuite ignored="0" hostname="LAPTOP-I65AD951" failures="1" tests="3" name="Test" time="0.044" errors="0" timestamp="2024-06-06T18:15:08 IST">
  <testcase classname="listener.ListenerDemo" name="test1" time="0.006"/>
  <testcase classname="listener.ListenerDemo" name="test2" time="0.007">
    <failure type="java.lang.AssertionError" message="expected [true] but found [false]">
      <![CDATA[java.lang.AssertionError: expected [true] but found [false]
at listener.ListenerDemo.test2(ListenerDemo.java:21)
at java.base/java.util.ArrayList.forEach(ArrayList.java:1511)
... Removed 31 stack frames]]>
    </failure>
  </testcase> <!-- test2 -->
  <testcase classname="listener.ListenerDemo" name="test3" time="0.001">
    <skipped/>
  </testcase> <!-- test3 -->
</testsuite> <!-- Test -->
