<?xml version="1.0" encoding="UTF-8"?>
<!-- Generated by org.testng.reporters.JUnitXMLReporter -->
<testsuite ignored="1" hostname="LAPTOP-I65AD951" failures="0" tests="2" name="Test" time="7.51" errors="0" timestamp="2024-06-04T19:38:28 IST">
  <testcase classname="test.TestNGDemo2" name="googleSearch3" time="0.255"/>
  <testcase classname="test.TestNGDemo" name="googleSearch" time="0.331"/>
  <testcase classname="test.TestNGDemo2" name="googleSearch2" time="0.0">
    <ignored/>
  </testcase> <!-- googleSearch2 -->
</testsuite> <!-- Test -->
